Analysis & Synthesis report for Fase2
Fri Mar 31 13:39:48 2017
Quartus Prime Version 15.1.1 Build 189 12/02/2015 SJ Lite Edition


---------------------
; Table of Contents ;
---------------------
  1. Legal Notice
  2. Analysis & Synthesis Summary
  3. Analysis & Synthesis Settings
  4. Parallel Compilation
  5. Analysis & Synthesis Source Files Read
  6. Analysis & Synthesis Resource Usage Summary
  7. Analysis & Synthesis Resource Utilization by Entity
  8. User-Specified and Inferred Latches
  9. Registers Removed During Synthesis
 10. General Register Statistics
 11. Multiplexer Restructuring Statistics (Restructuring Performed)
 12. Parameter Settings for User Entity Instance: freqDivider:Freq1s
 13. Parameter Settings for User Entity Instance: CounterN:t1
 14. Parameter Settings for User Entity Instance: freqDivider:f1
 15. Port Connectivity Checks: "CounterN:t1"
 16. Post-Synthesis Netlist Statistics for Top Partition
 17. Elapsed Time Per Partition
 18. Analysis & Synthesis Messages



----------------
; Legal Notice ;
----------------
Copyright (C) 1991-2015 Altera Corporation. All rights reserved.
Your use of Altera Corporation's design tools, logic functions 
and other software and tools, and its AMPP partner logic 
functions, and any output files from any of the foregoing 
(including device programming or simulation files), and any 
associated documentation or information are expressly subject 
to the terms and conditions of the Altera Program License 
Subscription Agreement, the Altera Quartus Prime License Agreement,
the Altera MegaCore Function License Agreement, or other 
applicable license agreement, including, without limitation, 
that your use is for the sole purpose of programming logic 
devices manufactured by Altera and sold by Altera or its 
authorized distributors.  Please refer to the applicable 
agreement for further details.



+----------------------------------------------------------------------------------+
; Analysis & Synthesis Summary                                                     ;
+------------------------------------+---------------------------------------------+
; Analysis & Synthesis Status        ; Successful - Fri Mar 31 13:39:48 2017       ;
; Quartus Prime Version              ; 15.1.1 Build 189 12/02/2015 SJ Lite Edition ;
; Revision Name                      ; Fase2                                       ;
; Top-level Entity Name              ; Fase2                                       ;
; Family                             ; Cyclone IV E                                ;
; Total logic elements               ; 172                                         ;
;     Total combinational functions  ; 172                                         ;
;     Dedicated logic registers      ; 94                                          ;
; Total registers                    ; 94                                          ;
; Total pins                         ; 5                                           ;
; Total virtual pins                 ; 0                                           ;
; Total memory bits                  ; 0                                           ;
; Embedded Multiplier 9-bit elements ; 0                                           ;
; Total PLLs                         ; 0                                           ;
+------------------------------------+---------------------------------------------+


+----------------------------------------------------------------------------------------------------------------------+
; Analysis & Synthesis Settings                                                                                        ;
+----------------------------------------------------------------------------+--------------------+--------------------+
; Option                                                                     ; Setting            ; Default Value      ;
+----------------------------------------------------------------------------+--------------------+--------------------+
; Device                                                                     ; EP4CE115F29C7      ;                    ;
; Top-level entity name                                                      ; Fase2              ; Fase2              ;
; Family name                                                                ; Cyclone IV E       ; Cyclone V          ;
; Use smart compilation                                                      ; Off                ; Off                ;
; Enable parallel Assembler and TimeQuest Timing Analyzer during compilation ; On                 ; On                 ;
; Enable compact report table                                                ; Off                ; Off                ;
; Restructure Multiplexers                                                   ; Auto               ; Auto               ;
; Create Debugging Nodes for IP Cores                                        ; Off                ; Off                ;
; Preserve fewer node names                                                  ; On                 ; On                 ;
; Disable OpenCore Plus hardware evaluation                                  ; Off                ; Off                ;
; Verilog Version                                                            ; Verilog_2001       ; Verilog_2001       ;
; VHDL Version                                                               ; VHDL_1993          ; VHDL_1993          ;
; State Machine Processing                                                   ; Auto               ; Auto               ;
; Safe State Machine                                                         ; Off                ; Off                ;
; Extract Verilog State Machines                                             ; On                 ; On                 ;
; Extract VHDL State Machines                                                ; On                 ; On                 ;
; Ignore Verilog initial constructs                                          ; Off                ; Off                ;
; Iteration limit for constant Verilog loops                                 ; 5000               ; 5000               ;
; Iteration limit for non-constant Verilog loops                             ; 250                ; 250                ;
; Add Pass-Through Logic to Inferred RAMs                                    ; On                 ; On                 ;
; Infer RAMs from Raw Logic                                                  ; On                 ; On                 ;
; Parallel Synthesis                                                         ; On                 ; On                 ;
; DSP Block Balancing                                                        ; Auto               ; Auto               ;
; NOT Gate Push-Back                                                         ; On                 ; On                 ;
; Power-Up Don't Care                                                        ; On                 ; On                 ;
; Remove Redundant Logic Cells                                               ; Off                ; Off                ;
; Remove Duplicate Registers                                                 ; On                 ; On                 ;
; Ignore CARRY Buffers                                                       ; Off                ; Off                ;
; Ignore CASCADE Buffers                                                     ; Off                ; Off                ;
; Ignore GLOBAL Buffers                                                      ; Off                ; Off                ;
; Ignore ROW GLOBAL Buffers                                                  ; Off                ; Off                ;
; Ignore LCELL Buffers                                                       ; Off                ; Off                ;
; Ignore SOFT Buffers                                                        ; On                 ; On                 ;
; Limit AHDL Integers to 32 Bits                                             ; Off                ; Off                ;
; Optimization Technique                                                     ; Balanced           ; Balanced           ;
; Carry Chain Length                                                         ; 70                 ; 70                 ;
; Auto Carry Chains                                                          ; On                 ; On                 ;
; Auto Open-Drain Pins                                                       ; On                 ; On                 ;
; Perform WYSIWYG Primitive Resynthesis                                      ; Off                ; Off                ;
; Auto ROM Replacement                                                       ; On                 ; On                 ;
; Auto RAM Replacement                                                       ; On                 ; On                 ;
; Auto DSP Block Replacement                                                 ; On                 ; On                 ;
; Auto Shift Register Replacement                                            ; Auto               ; Auto               ;
; Allow Shift Register Merging across Hierarchies                            ; Auto               ; Auto               ;
; Auto Clock Enable Replacement                                              ; On                 ; On                 ;
; Strict RAM Replacement                                                     ; Off                ; Off                ;
; Allow Synchronous Control Signals                                          ; On                 ; On                 ;
; Force Use of Synchronous Clear Signals                                     ; Off                ; Off                ;
; Auto RAM Block Balancing                                                   ; On                 ; On                 ;
; Auto RAM to Logic Cell Conversion                                          ; Off                ; Off                ;
; Auto Resource Sharing                                                      ; Off                ; Off                ;
; Allow Any RAM Size For Recognition                                         ; Off                ; Off                ;
; Allow Any ROM Size For Recognition                                         ; Off                ; Off                ;
; Allow Any Shift Register Size For Recognition                              ; Off                ; Off                ;
; Use LogicLock Constraints during Resource Balancing                        ; On                 ; On                 ;
; Ignore translate_off and synthesis_off directives                          ; Off                ; Off                ;
; Timing-Driven Synthesis                                                    ; On                 ; On                 ;
; Report Parameter Settings                                                  ; On                 ; On                 ;
; Report Source Assignments                                                  ; On                 ; On                 ;
; Report Connectivity Checks                                                 ; On                 ; On                 ;
; Ignore Maximum Fan-Out Assignments                                         ; Off                ; Off                ;
; Synchronization Register Chain Length                                      ; 2                  ; 2                  ;
; PowerPlay Power Optimization During Synthesis                              ; Normal compilation ; Normal compilation ;
; HDL message level                                                          ; Level2             ; Level2             ;
; Suppress Register Optimization Related Messages                            ; Off                ; Off                ;
; Number of Removed Registers Reported in Synthesis Report                   ; 5000               ; 5000               ;
; Number of Swept Nodes Reported in Synthesis Report                         ; 5000               ; 5000               ;
; Number of Inverted Registers Reported in Synthesis Report                  ; 100                ; 100                ;
; Clock MUX Protection                                                       ; On                 ; On                 ;
; Auto Gated Clock Conversion                                                ; Off                ; Off                ;
; Block Design Naming                                                        ; Auto               ; Auto               ;
; SDC constraint protection                                                  ; Off                ; Off                ;
; Synthesis Effort                                                           ; Auto               ; Auto               ;
; Shift Register Replacement - Allow Asynchronous Clear Signal               ; On                 ; On                 ;
; Pre-Mapping Resynthesis Optimization                                       ; Off                ; Off                ;
; Analysis & Synthesis Message Level                                         ; Medium             ; Medium             ;
; Disable Register Merging Across Hierarchies                                ; Auto               ; Auto               ;
; Resource Aware Inference For Block RAM                                     ; On                 ; On                 ;
; Synthesis Seed                                                             ; 1                  ; 1                  ;
+----------------------------------------------------------------------------+--------------------+--------------------+


+------------------------------------------+
; Parallel Compilation                     ;
+----------------------------+-------------+
; Processors                 ; Number      ;
+----------------------------+-------------+
; Number detected on machine ; 4           ;
; Maximum allowed            ; 2           ;
;                            ;             ;
; Average used               ; 1.00        ;
; Maximum used               ; 2           ;
;                            ;             ;
; Usage by Processor         ; % Time Used ;
;     Processor 1            ; 100.0%      ;
;     Processor 2            ; < 0.1%      ;
+----------------------------+-------------+


+-----------------------------------------------------------------------------------------------------------------------------------------+
; Analysis & Synthesis Source Files Read                                                                                                  ;
+----------------------------------+-----------------+-----------------+--------------------------------------------------------+---------+
; File Name with User-Entered Path ; Used in Netlist ; File Type       ; File Name with Absolute Path                           ; Library ;
+----------------------------------+-----------------+-----------------+--------------------------------------------------------+---------+
; Fase2.vhd                        ; yes             ; User VHDL File  ; C:/Users/Staples/Desktop/ECT/lsd/fase2/Fase2.vhd       ;         ;
; freqDivider.vhd                  ; yes             ; User VHDL File  ; C:/Users/Staples/Desktop/ECT/lsd/fase2/freqDivider.vhd ;         ;
; CounterN.vhd                     ; yes             ; User VHDL File  ; C:/Users/Staples/Desktop/ECT/lsd/fase2/CounterN.vhd    ;         ;
; Engine.vhd                       ; yes             ; User VHDL File  ; C:/Users/Staples/Desktop/ECT/lsd/fase2/Engine.vhd      ;         ;
+----------------------------------+-----------------+-----------------+--------------------------------------------------------+---------+


+--------------------------------------------------------------+
; Analysis & Synthesis Resource Usage Summary                  ;
+---------------------------------------------+----------------+
; Resource                                    ; Usage          ;
+---------------------------------------------+----------------+
; Estimated Total logic elements              ; 172            ;
;                                             ;                ;
; Total combinational functions               ; 172            ;
; Logic element usage by number of LUT inputs ;                ;
;     -- 4 input functions                    ; 43             ;
;     -- 3 input functions                    ; 12             ;
;     -- <=2 input functions                  ; 117            ;
;                                             ;                ;
; Logic elements by mode                      ;                ;
;     -- normal mode                          ; 82             ;
;     -- arithmetic mode                      ; 90             ;
;                                             ;                ;
; Total registers                             ; 94             ;
;     -- Dedicated logic registers            ; 94             ;
;     -- I/O registers                        ; 0              ;
;                                             ;                ;
; I/O pins                                    ; 5              ;
;                                             ;                ;
; Embedded Multiplier 9-bit elements          ; 0              ;
;                                             ;                ;
; Maximum fan-out node                        ; CLOCK_50~input ;
; Maximum fan-out                             ; 62             ;
; Total fan-out                               ; 667            ;
; Average fan-out                             ; 2.42           ;
+---------------------------------------------+----------------+


+-----------------------------------------------------------------------------------------------------------------------------------------------------------------------------------+
; Analysis & Synthesis Resource Utilization by Entity                                                                                                                               ;
+----------------------------+-------------------+--------------+-------------+--------------+---------+-----------+------+--------------+---------------------------+--------------+
; Compilation Hierarchy Node ; LC Combinationals ; LC Registers ; Memory Bits ; DSP Elements ; DSP 9x9 ; DSP 18x18 ; Pins ; Virtual Pins ; Full Hierarchy Name       ; Library Name ;
+----------------------------+-------------------+--------------+-------------+--------------+---------+-----------+------+--------------+---------------------------+--------------+
; |Fase2                     ; 172 (0)           ; 94 (0)       ; 0           ; 0            ; 0       ; 0         ; 5    ; 0            ; |Fase2                    ; work         ;
;    |CounterN:t1|           ; 35 (35)           ; 32 (32)      ; 0           ; 0            ; 0       ; 0         ; 0    ; 0            ; |Fase2|CounterN:t1        ; work         ;
;    |Engine:engine|         ; 24 (24)           ; 0 (0)        ; 0           ; 0            ; 0       ; 0         ; 0    ; 0            ; |Fase2|Engine:engine      ; work         ;
;    |freqDivider:Freq1s|    ; 56 (56)           ; 30 (30)      ; 0           ; 0            ; 0       ; 0         ; 0    ; 0            ; |Fase2|freqDivider:Freq1s ; work         ;
;    |freqDivider:f1|        ; 57 (57)           ; 32 (32)      ; 0           ; 0            ; 0       ; 0         ; 0    ; 0            ; |Fase2|freqDivider:f1     ; work         ;
+----------------------------+-------------------+--------------+-------------+--------------+---------+-----------+------+--------------+---------------------------+--------------+
Note: For table entries with two numbers listed, the numbers in parentheses indicate the number of resources of the given type used by the specific entity alone. The numbers listed outside of parentheses indicate the total resources of the given type used by the specific entity and all of its sub-entities in the hierarchy.


+-------------------------------------------------------------------------------------------------------+
; User-Specified and Inferred Latches                                                                   ;
+----------------------------------------------------+-------------------------+------------------------+
; Latch Name                                         ; Latch Enable Signal     ; Free of Timing Hazards ;
+----------------------------------------------------+-------------------------+------------------------+
; Engine:engine|output[1]                            ; Engine:engine|output[1] ; yes                    ;
; Engine:engine|output[2]                            ; Engine:engine|output[2] ; yes                    ;
; Engine:engine|output[0]                            ; Engine:engine|output[0] ; yes                    ;
; Number of user-specified and inferred latches = 3  ;                         ;                        ;
+----------------------------------------------------+-------------------------+------------------------+
Note: All latches listed above may not be present at the end of synthesis due to various synthesis optimizations.


+-------------------------------------------------------------------------------+
; Registers Removed During Synthesis                                            ;
+---------------------------------------+---------------------------------------+
; Register name                         ; Reason for Removal                    ;
+---------------------------------------+---------------------------------------+
; freqDivider:Freq1s|s_count[0]         ; Merged with freqDivider:f1|s_count[0] ;
; freqDivider:Freq1s|s_count[1]         ; Merged with freqDivider:f1|s_count[1] ;
; Total Number of Removed Registers = 2 ;                                       ;
+---------------------------------------+---------------------------------------+


+------------------------------------------------------+
; General Register Statistics                          ;
+----------------------------------------------+-------+
; Statistic                                    ; Value ;
+----------------------------------------------+-------+
; Total registers                              ; 94    ;
; Number of registers using Synchronous Clear  ; 32    ;
; Number of registers using Synchronous Load   ; 0     ;
; Number of registers using Asynchronous Clear ; 0     ;
; Number of registers using Asynchronous Load  ; 0     ;
; Number of registers using Clock Enable       ; 0     ;
; Number of registers using Preset             ; 0     ;
+----------------------------------------------+-------+


+----------------------------------------------------------------------------------------------------------------------------------------------+
; Multiplexer Restructuring Statistics (Restructuring Performed)                                                                               ;
+--------------------+-----------+---------------+----------------------+------------------------+------------+--------------------------------+
; Multiplexer Inputs ; Bus Width ; Baseline Area ; Area if Restructured ; Saving if Restructured ; Registered ; Example Multiplexer Output     ;
+--------------------+-----------+---------------+----------------------+------------------------+------------+--------------------------------+
; 3:1                ; 32 bits   ; 64 LEs        ; 32 LEs               ; 32 LEs                 ; Yes        ; |Fase2|CounterN:t1|s_count[24] ;
+--------------------+-----------+---------------+----------------------+------------------------+------------+--------------------------------+


+-----------------------------------------------------------------+
; Parameter Settings for User Entity Instance: freqDivider:Freq1s ;
+----------------+----------+-------------------------------------+
; Parameter Name ; Value    ; Type                                ;
+----------------+----------+-------------------------------------+
; div_factor     ; 50000000 ; Signed Integer                      ;
+----------------+----------+-------------------------------------+
Note: In order to hide this table in the UI and the text report file, please set the "Show Parameter Settings in Synthesis Report" option in "Analysis and Synthesis Settings -> More Settings" to "Off".


+----------------------------------------------------------+
; Parameter Settings for User Entity Instance: CounterN:t1 ;
+----------------+-------+---------------------------------+
; Parameter Name ; Value ; Type                            ;
+----------------+-------+---------------------------------+
; n              ; 10    ; Signed Integer                  ;
+----------------+-------+---------------------------------+
Note: In order to hide this table in the UI and the text report file, please set the "Show Parameter Settings in Synthesis Report" option in "Analysis and Synthesis Settings -> More Settings" to "Off".


+-------------------------------------------------------------+
; Parameter Settings for User Entity Instance: freqDivider:f1 ;
+----------------+----------+---------------------------------+
; Parameter Name ; Value    ; Type                            ;
+----------------+----------+---------------------------------+
; div_factor     ; 25000000 ; Signed Integer                  ;
+----------------+----------+---------------------------------+
Note: In order to hide this table in the UI and the text report file, please set the "Show Parameter Settings in Synthesis Report" option in "Analysis and Synthesis Settings -> More Settings" to "Off".


+-----------------------------------------+
; Port Connectivity Checks: "CounterN:t1" ;
+-------+-------+----------+--------------+
; Port  ; Type  ; Severity ; Details      ;
+-------+-------+----------+--------------+
; reset ; Input ; Info     ; Stuck at GND ;
+-------+-------+----------+--------------+


+-----------------------------------------------------+
; Post-Synthesis Netlist Statistics for Top Partition ;
+-----------------------+-----------------------------+
; Type                  ; Count                       ;
+-----------------------+-----------------------------+
; boundary_port         ; 5                           ;
; cycloneiii_ff         ; 94                          ;
;     SCLR              ; 32                          ;
;     plain             ; 62                          ;
; cycloneiii_lcell_comb ; 172                         ;
;     arith             ; 90                          ;
;         2 data inputs ; 89                          ;
;         3 data inputs ; 1                           ;
;     normal            ; 82                          ;
;         1 data inputs ; 3                           ;
;         2 data inputs ; 25                          ;
;         3 data inputs ; 11                          ;
;         4 data inputs ; 43                          ;
;                       ;                             ;
; Max LUT depth         ; 6.00                        ;
; Average LUT depth     ; 4.07                        ;
+-----------------------+-----------------------------+


+-------------------------------+
; Elapsed Time Per Partition    ;
+----------------+--------------+
; Partition Name ; Elapsed Time ;
+----------------+--------------+
; Top            ; 00:00:00     ;
+----------------+--------------+


+-------------------------------+
; Analysis & Synthesis Messages ;
+-------------------------------+
Info: *******************************************************************
Info: Running Quartus Prime Analysis & Synthesis
    Info: Version 15.1.1 Build 189 12/02/2015 SJ Lite Edition
    Info: Processing started: Fri Mar 31 13:39:34 2017
Info: Command: quartus_map --read_settings_files=on --write_settings_files=off Fase2 -c Fase2
Info (20030): Parallel compilation is enabled and will use 2 of the 2 processors detected
Info (12021): Found 2 design units, including 1 entities, in source file fase2.vhd
    Info (12022): Found design unit 1: Fase2-Shell File: C:/Users/Staples/Desktop/ECT/lsd/fase2/Fase2.vhd Line: 12
    Info (12023): Found entity 1: Fase2 File: C:/Users/Staples/Desktop/ECT/lsd/fase2/Fase2.vhd Line: 4
Info (12021): Found 2 design units, including 1 entities, in source file freqdivider.vhd
    Info (12022): Found design unit 1: freqDivider-Behavioral File: C:/Users/Staples/Desktop/ECT/lsd/fase2/freqDivider.vhd Line: 11
    Info (12023): Found entity 1: freqDivider File: C:/Users/Staples/Desktop/ECT/lsd/fase2/freqDivider.vhd Line: 5
Info (12021): Found 2 design units, including 1 entities, in source file countern.vhd
    Info (12022): Found design unit 1: CounterN-Behav File: C:/Users/Staples/Desktop/ECT/lsd/fase2/CounterN.vhd Line: 14
    Info (12023): Found entity 1: CounterN File: C:/Users/Staples/Desktop/ECT/lsd/fase2/CounterN.vhd Line: 5
Info (12021): Found 2 design units, including 1 entities, in source file engine.vhd
    Info (12022): Found design unit 1: Engine-Behavioral File: C:/Users/Staples/Desktop/ECT/lsd/fase2/Engine.vhd Line: 10
    Info (12023): Found entity 1: Engine File: C:/Users/Staples/Desktop/ECT/lsd/fase2/Engine.vhd Line: 4
Info (12127): Elaborating entity "Fase2" for the top level hierarchy
Info (12129): Elaborating entity "freqDivider" using architecture "A:behavioral" for hierarchy "freqDivider:Freq1s" File: C:/Users/Staples/Desktop/ECT/lsd/fase2/Fase2.vhd Line: 17
Info (12129): Elaborating entity "CounterN" using architecture "A:behav" for hierarchy "CounterN:t1" File: C:/Users/Staples/Desktop/ECT/lsd/fase2/Fase2.vhd Line: 22
Info (12129): Elaborating entity "freqDivider" using architecture "A:behavioral" for hierarchy "freqDivider:f1" File: C:/Users/Staples/Desktop/ECT/lsd/fase2/Fase2.vhd Line: 29
Info (12129): Elaborating entity "Engine" using architecture "A:behavioral" for hierarchy "Engine:engine" File: C:/Users/Staples/Desktop/ECT/lsd/fase2/Fase2.vhd Line: 34
Warning (10492): VHDL Process Statement warning at Engine.vhd(14): signal "start" is read inside the Process Statement but isn't in the Process Statement's sensitivity list File: C:/Users/Staples/Desktop/ECT/lsd/fase2/Engine.vhd Line: 14
Warning (10492): VHDL Process Statement warning at Engine.vhd(15): signal "inputClk" is read inside the Process Statement but isn't in the Process Statement's sensitivity list File: C:/Users/Staples/Desktop/ECT/lsd/fase2/Engine.vhd Line: 15
Warning (10631): VHDL Process Statement warning at Engine.vhd(12): inferring latch(es) for signal or variable "output", which holds its previous value in one or more paths through the process File: C:/Users/Staples/Desktop/ECT/lsd/fase2/Engine.vhd Line: 12
Info (10041): Inferred latch for "output[0]" at Engine.vhd(12) File: C:/Users/Staples/Desktop/ECT/lsd/fase2/Engine.vhd Line: 12
Info (10041): Inferred latch for "output[1]" at Engine.vhd(12) File: C:/Users/Staples/Desktop/ECT/lsd/fase2/Engine.vhd Line: 12
Info (10041): Inferred latch for "output[2]" at Engine.vhd(12) File: C:/Users/Staples/Desktop/ECT/lsd/fase2/Engine.vhd Line: 12
Warning (13012): Latch Engine:engine|output[1] has unsafe behavior File: C:/Users/Staples/Desktop/ECT/lsd/fase2/Engine.vhd Line: 12
    Warning (13013): Ports D and ENA on the latch are fed by the same signal KEY[0] File: C:/Users/Staples/Desktop/ECT/lsd/fase2/Fase2.vhd Line: 5
Warning (13012): Latch Engine:engine|output[2] has unsafe behavior File: C:/Users/Staples/Desktop/ECT/lsd/fase2/Engine.vhd Line: 12
    Warning (13013): Ports D and ENA on the latch are fed by the same signal CounterN:t1|s_count[31] File: C:/Users/Staples/Desktop/ECT/lsd/fase2/CounterN.vhd Line: 20
Warning (13012): Latch Engine:engine|output[0] has unsafe behavior File: C:/Users/Staples/Desktop/ECT/lsd/fase2/Engine.vhd Line: 12
    Warning (13013): Ports D and ENA on the latch are fed by the same signal KEY[0] File: C:/Users/Staples/Desktop/ECT/lsd/fase2/Fase2.vhd Line: 5
Info (286030): Timing-Driven Synthesis is running
Info (16010): Generating hard_block partition "hard_block:auto_generated_inst"
    Info (16011): Adding 0 node(s), including 0 DDIO, 0 PLL, 0 transceiver and 0 LCELL
Info (21057): Implemented 177 device resources after synthesis - the final resource count might be different
    Info (21058): Implemented 2 input pins
    Info (21059): Implemented 3 output pins
    Info (21061): Implemented 172 logic cells
Info: Quartus Prime Analysis & Synthesis was successful. 0 errors, 9 warnings
    Info: Peak virtual memory: 859 megabytes
    Info: Processing ended: Fri Mar 31 13:39:48 2017
    Info: Elapsed time: 00:00:14
    Info: Total CPU time (on all processors): 00:00:32


